Performing C SOURCE FILE Test check_c_compiler_flag_-march_merom failed with the following output:
Change Dir: /home/root07/Documents/Masters/AutoFac/robogen/build/CMakeFiles/CMakeTmp

Run Build Command:"/usr/bin/make" "cmTC_be80b/fast"
/usr/bin/make -f CMakeFiles/cmTC_be80b.dir/build.make CMakeFiles/cmTC_be80b.dir/build
make[1]: Entering directory '/home/root07/Documents/Masters/AutoFac/robogen/build/CMakeFiles/CMakeTmp'
Building C object CMakeFiles/cmTC_be80b.dir/src.c.o
/usr/bin/cc   -Dcheck_c_compiler_flag_-march_merom   -march=merom -o CMakeFiles/cmTC_be80b.dir/src.c.o   -c /home/root07/Documents/Masters/AutoFac/robogen/build/CMakeFiles/CMakeTmp/src.c
cc1: error: bad value ('merom') for '-march=' switch
cc1: note: valid arguments to '-march=' switch are: nocona core2 nehalem corei7 westmere sandybridge corei7-avx ivybridge core-avx-i haswell core-avx2 broadwell skylake skylake-avx512 bonnell atom silvermont slm knl x86-64 eden-x2 nano nano-1000 nano-2000 nano-3000 nano-x2 eden-x4 nano-x4 k8 k8-sse3 opteron opteron-sse3 athlon64 athlon64-sse3 athlon-fx amdfam10 barcelona bdver1 bdver2 bdver3 bdver4 znver1 btver1 btver2
CMakeFiles/cmTC_be80b.dir/build.make:65: recipe for target 'CMakeFiles/cmTC_be80b.dir/src.c.o' failed
make[1]: *** [CMakeFiles/cmTC_be80b.dir/src.c.o] Error 1
make[1]: Leaving directory '/home/root07/Documents/Masters/AutoFac/robogen/build/CMakeFiles/CMakeTmp'
Makefile:126: recipe for target 'cmTC_be80b/fast' failed
make: *** [cmTC_be80b/fast] Error 2

Source file was:
int main(void) { return 0; }
Performing C++ SOURCE FILE Test check_cxx_compiler_flag_-march_merom failed with the following output:
Change Dir: /home/root07/Documents/Masters/AutoFac/robogen/build/CMakeFiles/CMakeTmp

Run Build Command:"/usr/bin/make" "cmTC_baf98/fast"
/usr/bin/make -f CMakeFiles/cmTC_baf98.dir/build.make CMakeFiles/cmTC_baf98.dir/build
make[1]: Entering directory '/home/root07/Documents/Masters/AutoFac/robogen/build/CMakeFiles/CMakeTmp'
Building CXX object CMakeFiles/cmTC_baf98.dir/src.cxx.o
/usr/bin/c++    -Dcheck_cxx_compiler_flag_-march_merom   -march=merom -o CMakeFiles/cmTC_baf98.dir/src.cxx.o -c /home/root07/Documents/Masters/AutoFac/robogen/build/CMakeFiles/CMakeTmp/src.cxx
cc1plus: error: bad value ('merom') for '-march=' switch
cc1plus: note: valid arguments to '-march=' switch are: nocona core2 nehalem corei7 westmere sandybridge corei7-avx ivybridge core-avx-i haswell core-avx2 broadwell skylake skylake-avx512 bonnell atom silvermont slm knl x86-64 eden-x2 nano nano-1000 nano-2000 nano-3000 nano-x2 eden-x4 nano-x4 k8 k8-sse3 opteron opteron-sse3 athlon64 athlon64-sse3 athlon-fx amdfam10 barcelona bdver1 bdver2 bdver3 bdver4 znver1 btver1 btver2
CMakeFiles/cmTC_baf98.dir/build.make:65: recipe for target 'CMakeFiles/cmTC_baf98.dir/src.cxx.o' failed
make[1]: *** [CMakeFiles/cmTC_baf98.dir/src.cxx.o] Error 1
make[1]: Leaving directory '/home/root07/Documents/Masters/AutoFac/robogen/build/CMakeFiles/CMakeTmp'
Makefile:126: recipe for target 'cmTC_baf98/fast' failed
make: *** [cmTC_baf98/fast] Error 2

Source file was:
int main() { return 0; }
Determining if the pthread_create exist failed with the following output:
Change Dir: /home/root07/Documents/Masters/AutoFac/robogen/build/CMakeFiles/CMakeTmp

Run Build Command:"/usr/bin/make" "cmTC_c181f/fast"
/usr/bin/make -f CMakeFiles/cmTC_c181f.dir/build.make CMakeFiles/cmTC_c181f.dir/build
make[1]: Entering directory '/home/root07/Documents/Masters/AutoFac/robogen/build/CMakeFiles/CMakeTmp'
Building C object CMakeFiles/cmTC_c181f.dir/CheckSymbolExists.c.o
/usr/bin/cc   -march=core2 -msse2 -msse3 -mssse3 -mno-sse4.1 -mno-sse4.2 -mno-sse4a -mno-avx -mno-xop -mno-fma4    -o CMakeFiles/cmTC_c181f.dir/CheckSymbolExists.c.o   -c /home/root07/Documents/Masters/AutoFac/robogen/build/CMakeFiles/CMakeTmp/CheckSymbolExists.c
Linking C executable cmTC_c181f
/usr/bin/cmake -E cmake_link_script CMakeFiles/cmTC_c181f.dir/link.txt --verbose=1
/usr/bin/cc  -march=core2 -msse2 -msse3 -mssse3 -mno-sse4.1 -mno-sse4.2 -mno-sse4a -mno-avx -mno-xop -mno-fma4     -rdynamic CMakeFiles/cmTC_c181f.dir/CheckSymbolExists.c.o  -o cmTC_c181f 
CMakeFiles/cmTC_c181f.dir/CheckSymbolExists.c.o: In function `main':
CheckSymbolExists.c:(.text+0x1b): undefined reference to `pthread_create'
collect2: error: ld returned 1 exit status
CMakeFiles/cmTC_c181f.dir/build.make:97: recipe for target 'cmTC_c181f' failed
make[1]: *** [cmTC_c181f] Error 1
make[1]: Leaving directory '/home/root07/Documents/Masters/AutoFac/robogen/build/CMakeFiles/CMakeTmp'
Makefile:126: recipe for target 'cmTC_c181f/fast' failed
make: *** [cmTC_c181f/fast] Error 2

File /home/root07/Documents/Masters/AutoFac/robogen/build/CMakeFiles/CMakeTmp/CheckSymbolExists.c:
/* */
#include <pthread.h>

int main(int argc, char** argv)
{
  (void)argv;
#ifndef pthread_create
  return ((int*)(&pthread_create))[argc];
#else
  (void)argc;
  return 0;
#endif
}

Determining if the function pthread_create exists in the pthreads failed with the following output:
Change Dir: /home/root07/Documents/Masters/AutoFac/robogen/build/CMakeFiles/CMakeTmp

Run Build Command:"/usr/bin/make" "cmTC_3fdc0/fast"
/usr/bin/make -f CMakeFiles/cmTC_3fdc0.dir/build.make CMakeFiles/cmTC_3fdc0.dir/build
make[1]: Entering directory '/home/root07/Documents/Masters/AutoFac/robogen/build/CMakeFiles/CMakeTmp'
Building C object CMakeFiles/cmTC_3fdc0.dir/CheckFunctionExists.c.o
/usr/bin/cc   -march=core2 -msse2 -msse3 -mssse3 -mno-sse4.1 -mno-sse4.2 -mno-sse4a -mno-avx -mno-xop -mno-fma4 -DCHECK_FUNCTION_EXISTS=pthread_create   -o CMakeFiles/cmTC_3fdc0.dir/CheckFunctionExists.c.o   -c /usr/share/cmake-3.10/Modules/CheckFunctionExists.c
Linking C executable cmTC_3fdc0
/usr/bin/cmake -E cmake_link_script CMakeFiles/cmTC_3fdc0.dir/link.txt --verbose=1
/usr/bin/cc  -march=core2 -msse2 -msse3 -mssse3 -mno-sse4.1 -mno-sse4.2 -mno-sse4a -mno-avx -mno-xop -mno-fma4 -DCHECK_FUNCTION_EXISTS=pthread_create    -rdynamic CMakeFiles/cmTC_3fdc0.dir/CheckFunctionExists.c.o  -o cmTC_3fdc0 -lpthreads 
/usr/bin/ld: cannot find -lpthreads
collect2: error: ld returned 1 exit status
CMakeFiles/cmTC_3fdc0.dir/build.make:97: recipe for target 'cmTC_3fdc0' failed
make[1]: *** [cmTC_3fdc0] Error 1
make[1]: Leaving directory '/home/root07/Documents/Masters/AutoFac/robogen/build/CMakeFiles/CMakeTmp'
Makefile:126: recipe for target 'cmTC_3fdc0/fast' failed
make: *** [cmTC_3fdc0/fast] Error 2


